<?xml version="1.0" encoding="UTF-8"?>
<testng-results skipped="0" failed="1" ignored="2" total="14" passed="11">
  <reporter-output>
  </reporter-output>
  <suite name="Loan Department" duration-ms="402" started-at="2020-02-11T09:53:24 IST" finished-at="2020-02-11T09:53:25 IST">
    <groups>
      <group name="smoke">
        <method signature="day1.m1(java.lang.String)[pri:0, instance:test.day1@3108bc]" name="m1" class="test.day1"/>
        <method signature="day3.APIloginCarLoan()[pri:0, instance:test.day3@43814d18]" name="APIloginCarLoan" class="test.day3"/>
        <method signature="day4.APIloginHomeLoan()[pri:0, instance:test.day4@32709393]" name="APIloginHomeLoan" class="test.day4"/>
      </group> <!-- smoke -->
    </groups>
    <test name="Personal Loan" duration-ms="94" started-at="2020-02-11T09:53:24 IST" finished-at="2020-02-11T09:53:25 IST">
      <class name="test.day2">
        <test-method status="PASS" signature="precondition()[pri:0, instance:test.day2@13a5fe33]" name="precondition" is-config="true" duration-ms="4" started-at="2020-02-11T09:53:24 IST" finished-at="2020-02-11T09:53:24 IST">
          <reporter-output>
          </reporter-output>
        </test-method> <!-- precondition -->
        <test-method status="PASS" signature="m3()[pri:0, instance:test.day2@13a5fe33]" name="m3" duration-ms="8" started-at="2020-02-11T09:53:25 IST" finished-at="2020-02-11T09:53:25 IST">
          <reporter-output>
          </reporter-output>
        </test-method> <!-- m3 -->
      </class> <!-- test.day2 -->
      <class name="test.day1">
        <test-method status="PASS" signature="m1(java.lang.String)[pri:0, instance:test.day1@3108bc]" name="m1" duration-ms="16" started-at="2020-02-11T09:53:25 IST" finished-at="2020-02-11T09:53:25 IST">
          <params>
            <param index="0">
              <value>
                <![CDATA[www.generalurl.com]]>
              </value>
            </param>
          </params>
          <reporter-output>
          </reporter-output>
        </test-method> <!-- m1 -->
      </class> <!-- test.day1 -->
    </test> <!-- Personal Loan -->
    <test name="Car Loan" duration-ms="100" started-at="2020-02-11T09:53:25 IST" finished-at="2020-02-11T09:53:25 IST">
      <class name="test.day3">
        <test-method status="FAIL" signature="APIloginCarLoan()[pri:0, instance:test.day3@43814d18]" name="APIloginCarLoan" duration-ms="8" started-at="2020-02-11T09:53:25 IST" finished-at="2020-02-11T09:53:25 IST">
          <exception class="java.lang.AssertionError">
            <message>
              <![CDATA[did not expect to find [true] but found [false]]]>
            </message>
            <full-stacktrace>
              <![CDATA[java.lang.AssertionError: did not expect to find [true] but found [false]
at org.testng.Assert.fail(Assert.java:97)
at org.testng.Assert.failNotEquals(Assert.java:969)
at org.testng.Assert.assertTrue(Assert.java:43)
at org.testng.Assert.assertTrue(Assert.java:53)
at test.day3.APIloginCarLoan(day3.java:27)
at sun.reflect.NativeMethodAccessorImpl.invoke0(Native Method)
at sun.reflect.NativeMethodAccessorImpl.invoke(Unknown Source)
at sun.reflect.DelegatingMethodAccessorImpl.invoke(Unknown Source)
at java.lang.reflect.Method.invoke(Unknown Source)
at org.testng.internal.MethodInvocationHelper.invokeMethod(MethodInvocationHelper.java:133)
at org.testng.internal.TestInvoker.invokeMethod(TestInvoker.java:584)
at org.testng.internal.TestInvoker.invokeTestMethod(TestInvoker.java:172)
at org.testng.internal.MethodRunner.runInSequence(MethodRunner.java:46)
at org.testng.internal.TestInvoker$MethodInvocationAgent.invoke(TestInvoker.java:804)
at org.testng.internal.TestInvoker.invokeTestMethods(TestInvoker.java:145)
at org.testng.internal.TestMethodWorker.invokeTestMethods(TestMethodWorker.java:146)
at org.testng.internal.TestMethodWorker.run(TestMethodWorker.java:128)
at java.util.ArrayList.forEach(Unknown Source)
at org.testng.TestRunner.privateRun(TestRunner.java:770)
at org.testng.TestRunner.run(TestRunner.java:591)
at org.testng.SuiteRunner.runTest(SuiteRunner.java:402)
at org.testng.SuiteRunner.runSequentially(SuiteRunner.java:396)
at org.testng.SuiteRunner.privateRun(SuiteRunner.java:355)
at org.testng.SuiteRunner.run(SuiteRunner.java:304)
at org.testng.SuiteRunnerWorker.runSuite(SuiteRunnerWorker.java:53)
at org.testng.SuiteRunnerWorker.run(SuiteRunnerWorker.java:96)
at org.testng.TestNG.runSuitesSequentially(TestNG.java:1180)
at org.testng.TestNG.runSuitesLocally(TestNG.java:1102)
at org.testng.TestNG.runSuites(TestNG.java:1032)
at org.testng.TestNG.run(TestNG.java:1000)
at org.testng.remote.AbstractRemoteTestNG.run(AbstractRemoteTestNG.java:115)
at org.testng.remote.RemoteTestNG.initAndRun(RemoteTestNG.java:251)
at org.testng.remote.RemoteTestNG.main(RemoteTestNG.java:77)
]]>
            </full-stacktrace>
          </exception> <!-- java.lang.AssertionError -->
          <reporter-output>
          </reporter-output>
        </test-method> <!-- APIloginCarLoan -->
        <test-method status="PASS" signature="MobileloginCarLoan(java.lang.String)[pri:0, instance:test.day3@43814d18]" name="MobileloginCarLoan" duration-ms="16" started-at="2020-02-11T09:53:25 IST" finished-at="2020-02-11T09:53:25 IST">
          <params>
            <param index="0">
              <value>
                <![CDATA[www.carloan.com]]>
              </value>
            </param>
          </params>
          <reporter-output>
          </reporter-output>
        </test-method> <!-- MobileloginCarLoan -->
        <test-method status="PASS" signature="dataAcceptingMethodn(java.lang.String, java.lang.String)[pri:0, instance:test.day3@43814d18]" name="dataAcceptingMethodn" duration-ms="8" started-at="2020-02-11T09:53:25 IST" data-provider="getDataMethod" finished-at="2020-02-11T09:53:25 IST">
          <params>
            <param index="0">
              <value>
                <![CDATA[FirstUserName]]>
              </value>
            </param>
            <param index="1">
              <value>
                <![CDATA[FirstPassword]]>
              </value>
            </param>
          </params>
          <reporter-output>
          </reporter-output>
        </test-method> <!-- dataAcceptingMethodn -->
        <test-method status="PASS" signature="dataAcceptingMethodn(java.lang.String, java.lang.String)[pri:0, instance:test.day3@43814d18]" name="dataAcceptingMethodn" duration-ms="12" started-at="2020-02-11T09:53:25 IST" data-provider="getDataMethod" finished-at="2020-02-11T09:53:25 IST">
          <params>
            <param index="0">
              <value>
                <![CDATA[SecondUserName]]>
              </value>
            </param>
            <param index="1">
              <value>
                <![CDATA[SecondPassword]]>
              </value>
            </param>
          </params>
          <reporter-output>
          </reporter-output>
        </test-method> <!-- dataAcceptingMethodn -->
        <test-method status="PASS" signature="dataAcceptingMethodn(java.lang.String, java.lang.String)[pri:0, instance:test.day3@43814d18]" name="dataAcceptingMethodn" duration-ms="4" started-at="2020-02-11T09:53:25 IST" data-provider="getDataMethod" finished-at="2020-02-11T09:53:25 IST">
          <params>
            <param index="0">
              <value>
                <![CDATA[ThirdUserName]]>
              </value>
            </param>
            <param index="1">
              <value>
                <![CDATA[ThirdPassword]]>
              </value>
            </param>
          </params>
          <reporter-output>
          </reporter-output>
        </test-method> <!-- dataAcceptingMethodn -->
        <test-method status="PASS" signature="precondition()[pri:0, instance:test.day3@43814d18]" name="precondition" is-config="true" duration-ms="0" started-at="2020-02-11T09:53:25 IST" finished-at="2020-02-11T09:53:25 IST">
          <reporter-output>
          </reporter-output>
        </test-method> <!-- precondition -->
      </class> <!-- test.day3 -->
    </test> <!-- Car Loan -->
    <test name="Home Loan" duration-ms="84" started-at="2020-02-11T09:53:25 IST" finished-at="2020-02-11T09:53:25 IST">
      <class name="test.day4">
        <test-method status="PASS" signature="Beforesuiteprecondition()[pri:0, instance:test.day4@32709393]" name="Beforesuiteprecondition" is-config="true" duration-ms="24" started-at="2020-02-11T09:53:24 IST" finished-at="2020-02-11T09:53:24 IST">
          <reporter-output>
          </reporter-output>
        </test-method> <!-- Beforesuiteprecondition -->
        <test-method status="PASS" signature="beforemethodprecondition()[pri:0, instance:test.day4@32709393]" name="beforemethodprecondition" is-config="true" duration-ms="4" started-at="2020-02-11T09:53:25 IST" finished-at="2020-02-11T09:53:25 IST">
          <reporter-output>
          </reporter-output>
        </test-method> <!-- beforemethodprecondition -->
        <test-method status="PASS" signature="MobileloginHomeLoan()[pri:0, instance:test.day4@32709393]" name="MobileloginHomeLoan" duration-ms="0" started-at="2020-02-11T09:53:25 IST" finished-at="2020-02-11T09:53:25 IST">
          <reporter-output>
          </reporter-output>
        </test-method> <!-- MobileloginHomeLoan -->
        <test-method status="PASS" signature="aftermethodprecondition()[pri:0, instance:test.day4@32709393]" name="aftermethodprecondition" is-config="true" duration-ms="4" started-at="2020-02-11T09:53:25 IST" finished-at="2020-02-11T09:53:25 IST">
          <reporter-output>
          </reporter-output>
        </test-method> <!-- aftermethodprecondition -->
        <test-method status="PASS" signature="MobilesigninHomeLoan()[pri:0, instance:test.day4@32709393]" name="MobilesigninHomeLoan" duration-ms="4" started-at="2020-02-11T09:53:25 IST" finished-at="2020-02-11T09:53:25 IST">
          <reporter-output>
          </reporter-output>
        </test-method> <!-- MobilesigninHomeLoan -->
        <test-method status="PASS" signature="beforemethodprecondition()[pri:0, instance:test.day4@32709393]" name="beforemethodprecondition" is-config="true" duration-ms="0" started-at="2020-02-11T09:53:25 IST" finished-at="2020-02-11T09:53:25 IST">
          <reporter-output>
          </reporter-output>
        </test-method> <!-- beforemethodprecondition -->
        <test-method status="PASS" signature="APIloginHomeLoan()[pri:0, instance:test.day4@32709393]" name="APIloginHomeLoan" duration-ms="8" started-at="2020-02-11T09:53:25 IST" finished-at="2020-02-11T09:53:25 IST">
          <reporter-output>
          </reporter-output>
        </test-method> <!-- APIloginHomeLoan -->
        <test-method status="PASS" signature="aftermethodprecondition()[pri:0, instance:test.day4@32709393]" name="aftermethodprecondition" is-config="true" duration-ms="0" started-at="2020-02-11T09:53:25 IST" finished-at="2020-02-11T09:53:25 IST">
          <reporter-output>
          </reporter-output>
        </test-method> <!-- aftermethodprecondition -->
        <test-method status="PASS" signature="beforemethodprecondition()[pri:0, instance:test.day4@32709393]" name="beforemethodprecondition" is-config="true" duration-ms="0" started-at="2020-02-11T09:53:25 IST" finished-at="2020-02-11T09:53:25 IST">
          <reporter-output>
          </reporter-output>
        </test-method> <!-- beforemethodprecondition -->
        <test-method status="PASS" signature="aftermethodprecondition()[pri:0, instance:test.day4@32709393]" name="aftermethodprecondition" is-config="true" duration-ms="0" started-at="2020-02-11T09:53:25 IST" finished-at="2020-02-11T09:53:25 IST">
          <reporter-output>
          </reporter-output>
        </test-method> <!-- aftermethodprecondition -->
        <test-method status="PASS" signature="beforemethodprecondition()[pri:0, instance:test.day4@32709393]" name="beforemethodprecondition" is-config="true" duration-ms="0" started-at="2020-02-11T09:53:25 IST" finished-at="2020-02-11T09:53:25 IST">
          <reporter-output>
          </reporter-output>
        </test-method> <!-- beforemethodprecondition -->
        <test-method status="PASS" signature="WebloginHomeLoan(java.lang.String)[pri:0, instance:test.day4@32709393]" name="WebloginHomeLoan" duration-ms="0" started-at="2020-02-11T09:53:25 IST" finished-at="2020-02-11T09:53:25 IST">
          <params>
            <param index="0">
              <value>
                <![CDATA[www.homeloan.com]]>
              </value>
            </param>
          </params>
          <reporter-output>
          </reporter-output>
        </test-method> <!-- WebloginHomeLoan -->
        <test-method status="PASS" signature="aftermethodprecondition()[pri:0, instance:test.day4@32709393]" name="aftermethodprecondition" is-config="true" duration-ms="4" started-at="2020-02-11T09:53:25 IST" finished-at="2020-02-11T09:53:25 IST">
          <reporter-output>
          </reporter-output>
        </test-method> <!-- aftermethodprecondition -->
        <test-method status="PASS" signature="beforemethodprecondition()[pri:0, instance:test.day4@32709393]" name="beforemethodprecondition" is-config="true" duration-ms="0" started-at="2020-02-11T09:53:25 IST" finished-at="2020-02-11T09:53:25 IST">
          <reporter-output>
          </reporter-output>
        </test-method> <!-- beforemethodprecondition -->
        <test-method status="PASS" signature="MobilesignoutHomeLoan()[pri:0, instance:test.day4@32709393]" name="MobilesignoutHomeLoan" duration-ms="4" started-at="2020-02-11T09:53:25 IST" depends-on-methods="test.day4.MobileloginHomeLoan, test.day4.MobilesigninHomeLoan" finished-at="2020-02-11T09:53:25 IST">
          <reporter-output>
          </reporter-output>
        </test-method> <!-- MobilesignoutHomeLoan -->
        <test-method status="PASS" signature="aftermethodprecondition()[pri:0, instance:test.day4@32709393]" name="aftermethodprecondition" is-config="true" duration-ms="4" started-at="2020-02-11T09:53:25 IST" finished-at="2020-02-11T09:53:25 IST">
          <reporter-output>
          </reporter-output>
        </test-method> <!-- aftermethodprecondition -->
      </class> <!-- test.day4 -->
      <class name="test.day1">
        <test-method status="PASS" signature="Aftersuitepostcondition()[pri:0, instance:test.day1@3108bc]" name="Aftersuitepostcondition" is-config="true" duration-ms="4" started-at="2020-02-11T09:53:25 IST" finished-at="2020-02-11T09:53:25 IST">
          <reporter-output>
          </reporter-output>
        </test-method> <!-- Aftersuitepostcondition -->
      </class> <!-- test.day1 -->
    </test> <!-- Home Loan -->
  </suite> <!-- Loan Department -->
</testng-results>
