<?xml version="1.0" encoding="UTF-8"?>
<!-- Generated by org.testng.reporters.JUnitXMLReporter -->
<testsuite hostname="INTEL" ignored="1" name="Car Loan" tests="5" failures="1" timestamp="2020-02-11T09:53:25 IST" time="0.1" errors="0">
  <testcase name="APIloginCarLoan" time="0.008" classname="test.day3">
    <failure type="java.lang.AssertionError" message="did not expect to find [true] but found [false]">
      <![CDATA[java.lang.AssertionError: did not expect to find [true] but found [false]
at test.day3.APIloginCarLoan(day3.java:27)
at java.util.ArrayList.forEach(Unknown Source)
... Removed 31 stack frames]]>
    </failure>
  </testcase> <!-- APIloginCarLoan -->
  <testcase name="MobileloginCarLoan" time="0.016" classname="test.day3"/>
  <testcase name="dataAcceptingMethodn" time="0.008" classname="test.day3"/>
  <testcase name="dataAcceptingMethodn" time="0.012" classname="test.day3"/>
  <testcase name="dataAcceptingMethodn" time="0.004" classname="test.day3"/>
  <testcase name="WebloginCarLoan" time="0.0" classname="test.day3">
    <ignored/>
  </testcase> <!-- WebloginCarLoan -->
</testsuite> <!-- Car Loan -->
