<?xml version="1.0" encoding="UTF-8"?>
<!-- Generated by org.testng.reporters.JUnitXMLReporter -->
<testsuite hostname="INTEL" ignored="0" name="Home Loan" tests="5" failures="0" timestamp="2020-02-11T09:53:25 IST" time="0.084" errors="0">
  <testcase name="MobileloginHomeLoan" time="0.0" classname="test.day4"/>
  <testcase name="MobilesigninHomeLoan" time="0.004" classname="test.day4"/>
  <testcase name="APIloginHomeLoan" time="0.008" classname="test.day4"/>
  <testcase name="WebloginHomeLoan" time="0.0" classname="test.day4"/>
  <testcase name="MobilesignoutHomeLoan" time="0.004" classname="test.day4"/>
</testsuite> <!-- Home Loan -->
